<?xml version="1.0" encoding="UTF-8"?>
<!-- Generated by org.testng.reporters.JUnitReportReporter -->
<testsuite hostname="anitha.vijay" failures="0" tests="1" name="testRunner.TestRunner" time="7.065" errors="0" timestamp="2025-04-24T05:36:19 IST" skipped="0">
  <testcase classname="testRunner.TestRunner" name="runScenario" time="7.065"/>
</testsuite> <!-- testRunner.TestRunner -->
